<?xml version="1.0" encoding="UTF-8"?>
<testsuite name="it.unicam.cs.ids.Casotto.CasottoTests" tests="1" skipped="0" failures="0" errors="0" timestamp="2022-01-29T09:54:48" hostname="JACKPC" time="0.329">
  <properties/>
  <testcase name="contextLoads()" classname="it.unicam.cs.ids.Casotto.CasottoTests" time="0.329"/>
  <system-out><![CDATA[10:54:48.363 [Test worker] DEBUG org.springframework.test.context.BootstrapUtils - Instantiating CacheAwareContextLoaderDelegate from class [org.springframework.test.context.cache.DefaultCacheAwareContextLoaderDelegate]
10:54:48.363 [Test worker] DEBUG org.springframework.test.context.BootstrapUtils - Instantiating BootstrapContext using constructor [public org.springframework.test.context.support.DefaultBootstrapContext(java.lang.Class,org.springframework.test.context.CacheAwareContextLoaderDelegate)]
10:54:48.394 [Test worker] DEBUG org.springframework.test.context.BootstrapUtils - Instantiating TestContextBootstrapper for test class [it.unicam.cs.ids.Casotto.CasottoTests] from class [org.springframework.boot.test.context.SpringBootTestContextBootstrapper]
10:54:48.410 [Test worker] INFO org.springframework.boot.test.context.SpringBootTestContextBootstrapper - Neither @ContextConfiguration nor @ContextHierarchy found for test class [it.unicam.cs.ids.Casotto.CasottoTests], using SpringBootContextLoader
10:54:48.410 [Test worker] DEBUG org.springframework.test.context.support.AbstractContextLoader - Did not detect default resource location for test class [it.unicam.cs.ids.Casotto.CasottoTests]: class path resource [it/unicam/cs/ids/Casotto/CasottoTests-context.xml] does not exist
10:54:48.410 [Test worker] DEBUG org.springframework.test.context.support.AbstractContextLoader - Did not detect default resource location for test class [it.unicam.cs.ids.Casotto.CasottoTests]: class path resource [it/unicam/cs/ids/Casotto/CasottoTestsContext.groovy] does not exist
10:54:48.410 [Test worker] INFO org.springframework.test.context.support.AbstractContextLoader - Could not detect default resource locations for test class [it.unicam.cs.ids.Casotto.CasottoTests]: no resource found for suffixes {-context.xml, Context.groovy}.
10:54:48.441 [Test worker] DEBUG org.springframework.test.context.support.ActiveProfilesUtils - Could not find an 'annotation declaring class' for annotation type [org.springframework.test.context.ActiveProfiles] and class [it.unicam.cs.ids.Casotto.CasottoTests]
10:54:48.519 [Test worker] DEBUG org.springframework.boot.test.context.SpringBootTestContextBootstrapper - @TestExecutionListeners is not present for class [it.unicam.cs.ids.Casotto.CasottoTests]: using defaults.
10:54:48.519 [Test worker] INFO org.springframework.boot.test.context.SpringBootTestContextBootstrapper - Loaded default TestExecutionListener class names from location [META-INF/spring.factories]: [org.springframework.boot.test.autoconfigure.restdocs.RestDocsTestExecutionListener, org.springframework.boot.test.autoconfigure.web.client.MockRestServiceServerResetTestExecutionListener, org.springframework.boot.test.autoconfigure.web.servlet.MockMvcPrintOnlyOnFailureTestExecutionListener, org.springframework.boot.test.autoconfigure.web.servlet.WebDriverTestExecutionListener, org.springframework.boot.test.autoconfigure.webservices.client.MockWebServiceServerTestExecutionListener, org.springframework.boot.test.mock.mockito.MockitoTestExecutionListener, org.springframework.boot.test.mock.mockito.ResetMocksTestExecutionListener, org.springframework.test.context.web.ServletTestExecutionListener, org.springframework.test.context.support.DirtiesContextBeforeModesTestExecutionListener, org.springframework.test.context.event.ApplicationEventsTestExecutionListener, org.springframework.test.context.support.DependencyInjectionTestExecutionListener, org.springframework.test.context.support.DirtiesContextTestExecutionListener, org.springframework.test.context.transaction.TransactionalTestExecutionListener, org.springframework.test.context.jdbc.SqlScriptsTestExecutionListener, org.springframework.test.context.event.EventPublishingTestExecutionListener]
10:54:48.535 [Test worker] DEBUG org.springframework.boot.test.context.SpringBootTestContextBootstrapper - Skipping candidate TestExecutionListener [org.springframework.test.context.web.ServletTestExecutionListener] due to a missing dependency. Specify custom listener classes or make the default listener classes and their required dependencies available. Offending class: [javax/servlet/ServletContext]
10:54:48.535 [Test worker] INFO org.springframework.boot.test.context.SpringBootTestContextBootstrapper - Using TestExecutionListeners: [org.springframework.test.context.support.DirtiesContextBeforeModesTestExecutionListener@7c209437, org.springframework.test.context.event.ApplicationEventsTestExecutionListener@2262b621, org.springframework.boot.test.mock.mockito.MockitoTestExecutionListener@7e928e2f, org.springframework.boot.test.autoconfigure.SpringBootDependencyInjectionTestExecutionListener@f667fe, org.springframework.test.context.support.DirtiesContextTestExecutionListener@788fcafb, org.springframework.test.context.transaction.TransactionalTestExecutionListener@4febb875, org.springframework.test.context.jdbc.SqlScriptsTestExecutionListener@25e2a451, org.springframework.test.context.event.EventPublishingTestExecutionListener@1698ee84, org.springframework.boot.test.autoconfigure.restdocs.RestDocsTestExecutionListener@10c626be, org.springframework.boot.test.autoconfigure.web.client.MockRestServiceServerResetTestExecutionListener@2fc0cc3, org.springframework.boot.test.autoconfigure.web.servlet.MockMvcPrintOnlyOnFailureTestExecutionListener@328cf0e1, org.springframework.boot.test.autoconfigure.web.servlet.WebDriverTestExecutionListener@63b1d4fa, org.springframework.boot.test.autoconfigure.webservices.client.MockWebServiceServerTestExecutionListener@42e3ede4, org.springframework.boot.test.mock.mockito.ResetMocksTestExecutionListener@201b6b6f]
10:54:48.535 [Test worker] DEBUG org.springframework.test.context.support.AbstractDirtiesContextTestExecutionListener - Before test class: context [DefaultTestContext@58359ebd testClass = CasottoTests, testInstance = [null], testMethod = [null], testException = [null], mergedContextConfiguration = [MergedContextConfiguration@24b6b8f6 testClass = CasottoTests, locations = '{}', classes = '{class it.unicam.cs.ids.Casotto.CasottoTests}', contextInitializerClasses = '[]', activeProfiles = '{}', propertySourceLocations = '{}', propertySourceProperties = '{org.springframework.boot.test.context.SpringBootTestContextBootstrapper=true}', contextCustomizers = set[org.springframework.boot.test.autoconfigure.actuate.metrics.MetricsExportContextCustomizerFactory$DisableMetricExportContextCustomizer@5a755cc1, org.springframework.boot.test.autoconfigure.properties.PropertyMappingContextCustomizer@0, org.springframework.boot.test.autoconfigure.web.servlet.WebDriverContextCustomizerFactory$Customizer@42b02722, org.springframework.boot.test.context.filter.ExcludeFilterContextCustomizer@5ce8d869, org.springframework.boot.test.json.DuplicateJsonObjectContextCustomizerFactory$DuplicateJsonObjectContextCustomizer@31c7528f, org.springframework.boot.test.mock.mockito.MockitoContextCustomizer@0, org.springframework.boot.test.web.client.TestRestTemplateContextCustomizer@2f16c6b3, org.springframework.boot.test.context.SpringBootTestArgs@1, org.springframework.boot.test.context.SpringBootTestWebEnvironment@6a6afff2], contextLoader = 'org.springframework.boot.test.context.SpringBootContextLoader', parent = [null]], attributes = map[[empty]]], class annotated with @DirtiesContext [false] with mode [null].
10:54:48.550 [Test worker] DEBUG org.springframework.test.context.support.DependencyInjectionTestExecutionListener - Performing dependency injection for test context [[DefaultTestContext@58359ebd testClass = CasottoTests, testInstance = it.unicam.cs.ids.Casotto.CasottoTests@75ed9710, testMethod = [null], testException = [null], mergedContextConfiguration = [MergedContextConfiguration@24b6b8f6 testClass = CasottoTests, locations = '{}', classes = '{class it.unicam.cs.ids.Casotto.CasottoTests}', contextInitializerClasses = '[]', activeProfiles = '{}', propertySourceLocations = '{}', propertySourceProperties = '{org.springframework.boot.test.context.SpringBootTestContextBootstrapper=true}', contextCustomizers = set[org.springframework.boot.test.autoconfigure.actuate.metrics.MetricsExportContextCustomizerFactory$DisableMetricExportContextCustomizer@5a755cc1, org.springframework.boot.test.autoconfigure.properties.PropertyMappingContextCustomizer@0, org.springframework.boot.test.autoconfigure.web.servlet.WebDriverContextCustomizerFactory$Customizer@42b02722, org.springframework.boot.test.context.filter.ExcludeFilterContextCustomizer@5ce8d869, org.springframework.boot.test.json.DuplicateJsonObjectContextCustomizerFactory$DuplicateJsonObjectContextCustomizer@31c7528f, org.springframework.boot.test.mock.mockito.MockitoContextCustomizer@0, org.springframework.boot.test.web.client.TestRestTemplateContextCustomizer@2f16c6b3, org.springframework.boot.test.context.SpringBootTestArgs@1, org.springframework.boot.test.context.SpringBootTestWebEnvironment@6a6afff2], contextLoader = 'org.springframework.boot.test.context.SpringBootContextLoader', parent = [null]], attributes = map['org.springframework.test.context.event.ApplicationEventsTestExecutionListener.recordApplicationEvents' -> false]]].
10:54:48.566 [Test worker] DEBUG org.springframework.boot.ApplicationEnvironment - Activating profiles []
10:54:48.566 [Test worker] DEBUG org.springframework.test.context.support.TestPropertySourceUtils - Adding inlined properties to environment: {spring.jmx.enabled=false, org.springframework.boot.test.context.SpringBootTestContextBootstrapper=true}

  .   ____          _            __ _ _
 /\\ / ___'_ __ _ _(_)_ __  __ _ \ \ \ \
( ( )\___ | '_ | '_| | '_ \/ _` | \ \ \ \
 \\/  ___)| |_)| | | | | || (_| |  ) ) ) )
  '  |____| .__|_| |_|_| |_\__, | / / / /
 =========|_|==============|___/=/_/_/_/
 :: Spring Boot ::                (v2.6.2)

2022-01-29 10:54:48.800  INFO 3728 --- [    Test worker] it.unicam.cs.ids.Casotto.CasottoTests    : Starting CasottoTests using Java 15.0.2 on JACKPC with PID 3728 (started by Leira in C:\Users\Leira\Documents\programmi\java\Casotto)
2022-01-29 10:54:48.800  INFO 3728 --- [    Test worker] it.unicam.cs.ids.Casotto.CasottoTests    : No active profile set, falling back to default profiles: default
2022-01-29 10:54:48.894  INFO 3728 --- [    Test worker] it.unicam.cs.ids.Casotto.CasottoTests    : Started CasottoTests in 0.329 seconds (JVM running for 1.168)
]]></system-out>
  <system-err><![CDATA[]]></system-err>
</testsuite>
